[2020-07-21T22:47:52,068][WARN ][o.e.d.c.m.MetaDataCreateIndexService] [ubuntu-xenial] index name [.monitoring-es-7-2020.07.21] starts with a dot '.', in the next major version, index names starting with a dot are reserved for hidden indices and system indices
[2020-07-21T22:47:58,043][WARN ][o.e.d.x.s.a.s.CompositeRolesStore] [ubuntu-xenial] The role [kibana_user] is deprecated and will be removed in a future version of Elasticsearch. Please use the [kibana_admin] role instead
[2020-07-21T22:48:06,151][WARN ][o.e.d.i.m.IdFieldMapper  ] [ubuntu-xenial] Loading the fielddata on the _id field is deprecated and will be removed in future versions. If you require sorting or aggregating on this field you should also include the id in the body of your documents, and map this field as a keyword field that has [doc_values] enabled
[2020-07-21T22:48:14,165][WARN ][o.e.d.c.m.MetaDataCreateIndexService] [ubuntu-xenial] index name [.monitoring-kibana-7-2020.07.21] starts with a dot '.', in the next major version, index names starting with a dot are reserved for hidden indices and system indices
[2020-07-21T22:50:10,497][WARN ][o.e.d.a.b.BulkRequestParser] [ubuntu-xenial] [types removal] Specifying types in bulk requests is deprecated.
[2020-07-21T23:00:12,173][WARN ][o.e.d.r.a.d.RestUpdateAction] [ubuntu-xenial] [types removal] Specifying types in document update requests is deprecated, use the endpoint /{index}/_update/{id} instead.
[2020-07-22T00:00:01,274][WARN ][o.e.d.c.m.MetaDataCreateIndexService] [ubuntu-xenial] index name [.monitoring-es-7-2020.07.22] starts with a dot '.', in the next major version, index names starting with a dot are reserved for hidden indices and system indices
[2020-07-22T00:00:04,399][WARN ][o.e.d.c.m.MetaDataCreateIndexService] [ubuntu-xenial] index name [.monitoring-kibana-7-2020.07.22] starts with a dot '.', in the next major version, index names starting with a dot are reserved for hidden indices and system indices
[2020-07-23T00:00:02,609][WARN ][o.e.d.c.m.MetaDataCreateIndexService] [ubuntu-xenial] index name [.monitoring-es-7-2020.07.23] starts with a dot '.', in the next major version, index names starting with a dot are reserved for hidden indices and system indices
[2020-07-23T00:00:06,124][WARN ][o.e.d.c.m.MetaDataCreateIndexService] [ubuntu-xenial] index name [.monitoring-kibana-7-2020.07.23] starts with a dot '.', in the next major version, index names starting with a dot are reserved for hidden indices and system indices
[2020-07-24T00:00:05,161][WARN ][o.e.d.c.m.MetaDataCreateIndexService] [ubuntu-xenial] index name [.monitoring-es-7-2020.07.24] starts with a dot '.', in the next major version, index names starting with a dot are reserved for hidden indices and system indices
[2020-07-24T00:00:09,219][WARN ][o.e.d.c.m.MetaDataCreateIndexService] [ubuntu-xenial] index name [.monitoring-kibana-7-2020.07.24] starts with a dot '.', in the next major version, index names starting with a dot are reserved for hidden indices and system indices
[2020-07-25T00:00:01,458][WARN ][o.e.d.c.m.MetaDataCreateIndexService] [ubuntu-xenial] index name [.monitoring-kibana-7-2020.07.25] starts with a dot '.', in the next major version, index names starting with a dot are reserved for hidden indices and system indices
[2020-07-25T00:00:08,479][WARN ][o.e.d.c.m.MetaDataCreateIndexService] [ubuntu-xenial] index name [.monitoring-es-7-2020.07.25] starts with a dot '.', in the next major version, index names starting with a dot are reserved for hidden indices and system indices
[2020-07-26T00:00:02,547][WARN ][o.e.d.c.m.MetaDataCreateIndexService] [ubuntu-xenial] index name [.monitoring-es-7-2020.07.26] starts with a dot '.', in the next major version, index names starting with a dot are reserved for hidden indices and system indices
[2020-07-26T00:00:05,645][WARN ][o.e.d.c.m.MetaDataCreateIndexService] [ubuntu-xenial] index name [.monitoring-kibana-7-2020.07.26] starts with a dot '.', in the next major version, index names starting with a dot are reserved for hidden indices and system indices
[2020-07-27T00:00:06,430][WARN ][o.e.d.c.m.MetaDataCreateIndexService] [ubuntu-xenial] index name [.monitoring-es-7-2020.07.27] starts with a dot '.', in the next major version, index names starting with a dot are reserved for hidden indices and system indices
[2020-07-27T00:00:09,881][WARN ][o.e.d.c.m.MetaDataCreateIndexService] [ubuntu-xenial] index name [.monitoring-kibana-7-2020.07.27] starts with a dot '.', in the next major version, index names starting with a dot are reserved for hidden indices and system indices
[2020-07-28T00:00:01,296][WARN ][o.e.d.c.m.MetaDataCreateIndexService] [ubuntu-xenial] index name [.monitoring-kibana-7-2020.07.28] starts with a dot '.', in the next major version, index names starting with a dot are reserved for hidden indices and system indices
[2020-07-28T00:00:09,142][WARN ][o.e.d.c.m.MetaDataCreateIndexService] [ubuntu-xenial] index name [.monitoring-es-7-2020.07.28] starts with a dot '.', in the next major version, index names starting with a dot are reserved for hidden indices and system indices
[2020-07-29T00:00:01,875][WARN ][o.e.d.c.m.MetaDataCreateIndexService] [ubuntu-xenial] index name [.monitoring-es-7-2020.07.29] starts with a dot '.', in the next major version, index names starting with a dot are reserved for hidden indices and system indices
[2020-07-29T00:00:04,056][WARN ][o.e.d.c.m.MetaDataCreateIndexService] [ubuntu-xenial] index name [.monitoring-kibana-7-2020.07.29] starts with a dot '.', in the next major version, index names starting with a dot are reserved for hidden indices and system indices
[2020-07-30T00:00:09,333][WARN ][o.e.d.c.m.MetaDataCreateIndexService] [ubuntu-xenial] index name [.monitoring-kibana-7-2020.07.30] starts with a dot '.', in the next major version, index names starting with a dot are reserved for hidden indices and system indices
[2020-07-30T00:00:10,021][WARN ][o.e.d.c.m.MetaDataCreateIndexService] [ubuntu-xenial] index name [.monitoring-es-7-2020.07.30] starts with a dot '.', in the next major version, index names starting with a dot are reserved for hidden indices and system indices
[2020-07-31T00:00:05,562][WARN ][o.e.d.c.m.MetaDataCreateIndexService] [ubuntu-xenial] index name [.monitoring-kibana-7-2020.07.31] starts with a dot '.', in the next major version, index names starting with a dot are reserved for hidden indices and system indices
[2020-07-31T06:25:10,163][WARN ][o.e.d.c.m.MetaDataCreateIndexService] [ubuntu-xenial] index name [.monitoring-es-7-2020.07.31] starts with a dot '.', in the next major version, index names starting with a dot are reserved for hidden indices and system indices
[2020-07-31T06:25:10,267][WARN ][o.e.d.c.m.MetaDataCreateIndexService] [ubuntu-xenial] index name [.monitoring-kibana-7-2020.07.31] starts with a dot '.', in the next major version, index names starting with a dot are reserved for hidden indices and system indices
[2020-08-01T00:00:03,566][WARN ][o.e.d.c.m.MetaDataCreateIndexService] [ubuntu-xenial] index name [.monitoring-kibana-7-2020.08.01] starts with a dot '.', in the next major version, index names starting with a dot are reserved for hidden indices and system indices
[2020-08-01T06:25:12,511][WARN ][o.e.d.c.m.MetaDataCreateIndexService] [ubuntu-xenial] index name [.monitoring-es-7-2020.08.01] starts with a dot '.', in the next major version, index names starting with a dot are reserved for hidden indices and system indices
[2020-08-01T06:25:12,616][WARN ][o.e.d.c.m.MetaDataCreateIndexService] [ubuntu-xenial] index name [.monitoring-kibana-7-2020.08.01] starts with a dot '.', in the next major version, index names starting with a dot are reserved for hidden indices and system indices
[2020-08-02T00:00:06,782][WARN ][o.e.d.c.m.MetaDataCreateIndexService] [ubuntu-xenial] index name [.monitoring-kibana-7-2020.08.02] starts with a dot '.', in the next major version, index names starting with a dot are reserved for hidden indices and system indices
[2020-08-03T06:25:01,587][WARN ][o.e.d.c.m.MetaDataCreateIndexService] [ubuntu-xenial] index name [.monitoring-kibana-7-2020.08.03] starts with a dot '.', in the next major version, index names starting with a dot are reserved for hidden indices and system indices
[2020-08-03T06:25:11,143][WARN ][o.e.d.c.m.MetaDataCreateIndexService] [ubuntu-xenial] index name [.monitoring-es-7-2020.08.03] starts with a dot '.', in the next major version, index names starting with a dot are reserved for hidden indices and system indices
[2020-08-05T06:25:12,093][WARN ][o.e.d.c.m.MetaDataCreateIndexService] [ubuntu-xenial] index name [.monitoring-kibana-7-2020.08.05] starts with a dot '.', in the next major version, index names starting with a dot are reserved for hidden indices and system indices
[2020-08-05T06:25:19,529][WARN ][o.e.d.c.m.MetaDataCreateIndexService] [ubuntu-xenial] index name [.monitoring-es-7-2020.08.05] starts with a dot '.', in the next major version, index names starting with a dot are reserved for hidden indices and system indices
